<?xml version="1.0" encoding="UTF-8"?>
<!-- Generated by org.testng.reporters.JUnitXMLReporter -->
<testsuite hostname="BDC6-DX-6GY5NK2" name="Default test" tests="3" failures="0" timestamp="18 Nov 2019 04:28:25 GMT" time="25.309" errors="0">
  <testcase name="TestLogin" time="3.478" classname="TestMeApp.NewTest"/>
  <testcase name="TestCart" time="1.455" classname="TestMeApp.NewTest"/>
  <testcase name="TestPayment" time="5.397" classname="TestMeApp.NewTest"/>
</testsuite> <!-- Default test -->
