<?xml version="1.0" encoding="UTF-8"?>
<!-- Generated by org.testng.reporters.JUnitXMLReporter -->
<testsuite hostname="BDC6-DX-6GY5NK2" name="Test1" tests="4" failures="0" timestamp="12 Nov 2019 09:25:07 GMT" time="0.016" errors="0">
  <testcase name="f" time="0.0" classname="test.NewTest3"/>
  <testcase name="testTwitter" time="0.0" classname="test.NewTest"/>
  <testcase name="testTestMe" time="0.016" classname="test.NewTest"/>
  <testcase name="testfacebook" time="0.0" classname="test.NewTest"/>
</testsuite> <!-- Test1 -->
