<?xml version="1.0" encoding="UTF-8"?>
<!-- Generated by org.testng.reporters.JUnitXMLReporter -->
<testsuite hostname="BDC6-DX-6GY5NK2" name="Test" tests="4" failures="3" timestamp="12 Nov 2019 09:25:06 GMT" time="0.046" errors="0">
  <testcase name="f" time="0.0" classname="test.NewTest3"/>
  <testcase name="f" time="0.0" classname="test.NewTest1">
    <failure type="java.lang.AssertionError" message="null">
      <![CDATA[java.lang.AssertionError: null
	at test.NewTest1.f(NewTest1.java:20)
... Removed 27 stack frames]]>
    </failure>
  </testcase> <!-- f -->
  <testcase name="f" time="0.0" classname="test.NewTest1">
    <failure type="java.lang.AssertionError" message="null">
      <![CDATA[java.lang.AssertionError: null
	at test.NewTest1.f(NewTest1.java:20)
... Removed 27 stack frames]]>
    </failure>
  </testcase> <!-- f -->
  <testcase name="f" time="0.0" classname="test.NewTest1">
    <failure type="java.lang.AssertionError" message="null">
      <![CDATA[java.lang.AssertionError: null
	at test.NewTest1.f(NewTest1.java:20)
... Removed 27 stack frames]]>
    </failure>
  </testcase> <!-- f -->
</testsuite> <!-- Test -->
