<?xml version="1.0" encoding="UTF-8"?>
<testng-results skipped="0" failed="0" total="1" passed="1">
  <reporter-output>
  </reporter-output>
  <suite name="Default suite" duration-ms="16119" started-at="2019-11-20T06:46:02Z" finished-at="2019-11-20T06:46:18Z">
    <groups>
    </groups>
    <test name="Default test" duration-ms="16119" started-at="2019-11-20T06:46:02Z" finished-at="2019-11-20T06:46:18Z">
      <class name="PageObjectModel.NewTest">
        <test-method status="PASS" signature="f()[pri:0, instance:PageObjectModel.NewTest@1888ff2c]" name="f" duration-ms="16094" started-at="2019-11-20T12:16:02Z" finished-at="2019-11-20T12:16:18Z">
          <reporter-output>
          </reporter-output>
        </test-method> <!-- f -->
      </class> <!-- PageObjectModel.NewTest -->
    </test> <!-- Default test -->
  </suite> <!-- Default suite -->
</testng-results>
